c:\users\halit\desktop\project_ches\deneme_1\deneme_1\x64\debug\vc143.pdb
c:\users\halit\desktop\project_ches\deneme_1\deneme_1\x64\debug\vc143.idb
c:\users\halit\desktop\project_ches\deneme_1\deneme_1\x64\debug\deneme_11.obj
c:\users\halit\desktop\project_ches\deneme_1\x64\debug\deneme_1.exe
c:\users\halit\desktop\project_ches\deneme_1\x64\debug\deneme_1.pdb
c:\users\halit\desktop\project_ches\deneme_1\deneme_1\x64\debug\deneme_1.ilk
c:\users\halit\desktop\project_ches\deneme_1\deneme_1\x64\debug\deneme_1.obj
c:\users\halit\desktop\project_ches\deneme_1\deneme_1\x64\debug\deneme_10.obj
c:\users\halit\desktop\project_ches\deneme_1\deneme_1\x64\debug\deneme_2.obj
c:\users\halit\desktop\project_ches\deneme_1\deneme_1\x64\debug\deneme_3.obj
c:\users\halit\desktop\project_ches\deneme_1\deneme_1\x64\debug\deneme_4.obj
c:\users\halit\desktop\project_ches\deneme_1\deneme_1\x64\debug\deneme_5.obj
c:\users\halit\desktop\project_ches\deneme_1\deneme_1\x64\debug\deneme_6.obj
c:\users\halit\desktop\project_ches\deneme_1\deneme_1\x64\debug\deneme_7.obj
c:\users\halit\desktop\project_ches\deneme_1\deneme_1\x64\debug\deneme_8.obj
c:\users\halit\desktop\project_ches\deneme_1\deneme_1\x64\debug\deneme_9.obj
c:\users\halit\desktop\project_ches\deneme_1\deneme_1\x64\debug\deneme_1.tlog\cl.command.1.tlog
c:\users\halit\desktop\project_ches\deneme_1\deneme_1\x64\debug\deneme_1.tlog\cl.items.tlog
c:\users\halit\desktop\project_ches\deneme_1\deneme_1\x64\debug\deneme_1.tlog\cl.read.1.tlog
c:\users\halit\desktop\project_ches\deneme_1\deneme_1\x64\debug\deneme_1.tlog\cl.write.1.tlog
c:\users\halit\desktop\project_ches\deneme_1\deneme_1\x64\debug\deneme_1.tlog\link.command.1.tlog
c:\users\halit\desktop\project_ches\deneme_1\deneme_1\x64\debug\deneme_1.tlog\link.read.1.tlog
c:\users\halit\desktop\project_ches\deneme_1\deneme_1\x64\debug\deneme_1.tlog\link.secondary.1.tlog
c:\users\halit\desktop\project_ches\deneme_1\deneme_1\x64\debug\deneme_1.tlog\link.write.1.tlog
